C:\USERS\WEIYU\DESKTOP\SCRIPT\6_CREATEDIRFRAGMENT\CREATEDIRFRAGMENT\DEBUG\CREATEDIRFRAGMENT.PCH
C:\USERS\WEIYU\DESKTOP\SCRIPT\6_CREATEDIRFRAGMENT\CREATEDIRFRAGMENT\DEBUG\STDAFX.OBJ
C:\USERS\WEIYU\DESKTOP\SCRIPT\6_CREATEDIRFRAGMENT\CREATEDIRFRAGMENT\DEBUG\VC110.PDB
C:\USERS\WEIYU\DESKTOP\SCRIPT\6_CREATEDIRFRAGMENT\CREATEDIRFRAGMENT\DEBUG\CREATEDIRFRAGMENT.OBJ
C:\USERS\WEIYU\DESKTOP\SCRIPT\6_CREATEDIRFRAGMENT\DEBUG\CREATEDIRFRAGMENT.ILK
C:\USERS\WEIYU\DESKTOP\SCRIPT\6_CREATEDIRFRAGMENT\DEBUG\CREATEDIRFRAGMENT.EXE
C:\USERS\WEIYU\DESKTOP\SCRIPT\6_CREATEDIRFRAGMENT\DEBUG\CREATEDIRFRAGMENT.PDB
C:\Users\weiyu\Desktop\script\6_CreateDIRFragment\CreateDIRFragment\Debug\CreateDIRFragment.obj
C:\Users\weiyu\Desktop\script\6_CreateDIRFragment\CreateDIRFragment\Debug\stdafx.obj
C:\Users\weiyu\Desktop\script\6_CreateDIRFragment\CreateDIRFragment\Debug\cl.command.1.tlog
C:\Users\weiyu\Desktop\script\6_CreateDIRFragment\CreateDIRFragment\Debug\CL.read.1.tlog
C:\Users\weiyu\Desktop\script\6_CreateDIRFragment\CreateDIRFragment\Debug\CL.write.1.tlog
C:\Users\weiyu\Desktop\script\6_CreateDIRFragment\CreateDIRFragment\Debug\link-cvtres.read.1.tlog
C:\Users\weiyu\Desktop\script\6_CreateDIRFragment\CreateDIRFragment\Debug\link-cvtres.write.1.tlog
C:\Users\weiyu\Desktop\script\6_CreateDIRFragment\CreateDIRFragment\Debug\link-rc.read.1.tlog
C:\Users\weiyu\Desktop\script\6_CreateDIRFragment\CreateDIRFragment\Debug\link-rc.write.1.tlog
C:\Users\weiyu\Desktop\script\6_CreateDIRFragment\CreateDIRFragment\Debug\link.13468-cvtres.read.1.tlog
C:\Users\weiyu\Desktop\script\6_CreateDIRFragment\CreateDIRFragment\Debug\link.13468-cvtres.write.1.tlog
C:\Users\weiyu\Desktop\script\6_CreateDIRFragment\CreateDIRFragment\Debug\link.13468-rc.read.1.tlog
C:\Users\weiyu\Desktop\script\6_CreateDIRFragment\CreateDIRFragment\Debug\link.13468-rc.write.1.tlog
C:\Users\weiyu\Desktop\script\6_CreateDIRFragment\CreateDIRFragment\Debug\link.13468.read.1.tlog
C:\Users\weiyu\Desktop\script\6_CreateDIRFragment\CreateDIRFragment\Debug\link.13468.write.1.tlog
C:\Users\weiyu\Desktop\script\6_CreateDIRFragment\CreateDIRFragment\Debug\link.16008-cvtres.read.1.tlog
C:\Users\weiyu\Desktop\script\6_CreateDIRFragment\CreateDIRFragment\Debug\link.16008-cvtres.write.1.tlog
C:\Users\weiyu\Desktop\script\6_CreateDIRFragment\CreateDIRFragment\Debug\link.16008-rc.read.1.tlog
C:\Users\weiyu\Desktop\script\6_CreateDIRFragment\CreateDIRFragment\Debug\link.16008-rc.write.1.tlog
C:\Users\weiyu\Desktop\script\6_CreateDIRFragment\CreateDIRFragment\Debug\link.16008.read.1.tlog
C:\Users\weiyu\Desktop\script\6_CreateDIRFragment\CreateDIRFragment\Debug\link.16008.write.1.tlog
C:\Users\weiyu\Desktop\script\6_CreateDIRFragment\CreateDIRFragment\Debug\link.command.1.tlog
C:\Users\weiyu\Desktop\script\6_CreateDIRFragment\CreateDIRFragment\Debug\link.read.1.tlog
C:\Users\weiyu\Desktop\script\6_CreateDIRFragment\CreateDIRFragment\Debug\link.write.1.tlog
C:\Users\weiyu\Desktop\script\6_CreateDIRFragment\CreateDIRFragment\Debug\CreateDIRFragment.pch
C:\Users\weiyu\Desktop\script\6_CreateDIRFragment\CreateDIRFragment\Debug\vc110.idb
C:\Users\weiyu\Desktop\script\6_CreateDIRFragment\CreateDIRFragment\Debug\vc110.pdb
C:\Users\weiyu\Desktop\script\6_CreateDIRFragment\Debug\CreateDIRFragment.pdb
C:\Users\weiyu\Desktop\script\6_CreateDIRFragment\Debug\CreateDIRFragment.exe
C:\Users\weiyu\Desktop\script\6_CreateDIRFragment\Debug\CreateDIRFragment.ilk
