C:\USERS\WEIYU\DESKTOP\SCRIPT\3_ADDDIRECTORYFORCOMPONENT\ADDDIRECTORYFORCOMPONENT\DEBUG\ADDDIRECTORYFORCOMPONENT.OBJ
C:\USERS\WEIYU\DESKTOP\SCRIPT\3_ADDDIRECTORYFORCOMPONENT\ADDDIRECTORYFORCOMPONENT\DEBUG\STDAFX.OBJ
C:\USERS\WEIYU\DESKTOP\SCRIPT\3_ADDDIRECTORYFORCOMPONENT\ADDDIRECTORYFORCOMPONENT\DEBUG\VC110.PDB
C:\USERS\WEIYU\DESKTOP\SCRIPT\3_ADDDIRECTORYFORCOMPONENT\DEBUG\ADDDIRECTORYFORCOMPONENT.ILK
C:\USERS\WEIYU\DESKTOP\SCRIPT\3_ADDDIRECTORYFORCOMPONENT\DEBUG\ADDDIRECTORYFORCOMPONENT.EXE
C:\USERS\WEIYU\DESKTOP\SCRIPT\3_ADDDIRECTORYFORCOMPONENT\DEBUG\ADDDIRECTORYFORCOMPONENT.PDB
C:\Users\weiyu\Desktop\script\3_AddDirectoryForComponent\AddDirectoryForComponent\Debug\AddDirectoryForComponent.obj
C:\Users\weiyu\Desktop\script\3_AddDirectoryForComponent\AddDirectoryForComponent\Debug\stdafx.obj
C:\Users\weiyu\Desktop\script\3_AddDirectoryForComponent\AddDirectoryForComponent\Debug\cl.command.1.tlog
C:\Users\weiyu\Desktop\script\3_AddDirectoryForComponent\AddDirectoryForComponent\Debug\CL.read.1.tlog
C:\Users\weiyu\Desktop\script\3_AddDirectoryForComponent\AddDirectoryForComponent\Debug\CL.write.1.tlog
C:\Users\weiyu\Desktop\script\3_AddDirectoryForComponent\AddDirectoryForComponent\Debug\link-cvtres.read.1.tlog
C:\Users\weiyu\Desktop\script\3_AddDirectoryForComponent\AddDirectoryForComponent\Debug\link-cvtres.write.1.tlog
C:\Users\weiyu\Desktop\script\3_AddDirectoryForComponent\AddDirectoryForComponent\Debug\link-rc.read.1.tlog
C:\Users\weiyu\Desktop\script\3_AddDirectoryForComponent\AddDirectoryForComponent\Debug\link-rc.write.1.tlog
C:\Users\weiyu\Desktop\script\3_AddDirectoryForComponent\AddDirectoryForComponent\Debug\link.command.1.tlog
C:\Users\weiyu\Desktop\script\3_AddDirectoryForComponent\AddDirectoryForComponent\Debug\link.read.1.tlog
C:\Users\weiyu\Desktop\script\3_AddDirectoryForComponent\AddDirectoryForComponent\Debug\link.write.1.tlog
C:\Users\weiyu\Desktop\script\3_AddDirectoryForComponent\AddDirectoryForComponent\Debug\vc110.idb
C:\Users\weiyu\Desktop\script\3_AddDirectoryForComponent\AddDirectoryForComponent\Debug\vc110.pdb
C:\Users\weiyu\Desktop\script\3_AddDirectoryForComponent\Debug\AddDirectoryForComponent.pdb
C:\Users\weiyu\Desktop\script\3_AddDirectoryForComponent\Debug\AddDirectoryForComponent.exe
C:\Users\weiyu\Desktop\script\3_AddDirectoryForComponent\Debug\AddDirectoryForComponent.ilk
