C:\USERS\WEIYU\DESKTOP\SCRIPT\7_2_CREATEMSMPROJECT\CREATEMSMPROJECT\DEBUG\CREATEMSMPROJECT.PCH
C:\USERS\WEIYU\DESKTOP\SCRIPT\7_2_CREATEMSMPROJECT\CREATEMSMPROJECT\DEBUG\STDAFX.OBJ
C:\USERS\WEIYU\DESKTOP\SCRIPT\7_2_CREATEMSMPROJECT\CREATEMSMPROJECT\DEBUG\VC110.PDB
C:\USERS\WEIYU\DESKTOP\SCRIPT\7_2_CREATEMSMPROJECT\CREATEMSMPROJECT\DEBUG\CREATEMSMPROJECT.OBJ
C:\Users\weiyu\Desktop\script\7_2_CreateMSMProject\CreateMSMProject\Debug\CreateMSMProject.obj
C:\Users\weiyu\Desktop\script\7_2_CreateMSMProject\CreateMSMProject\Debug\stdafx.obj
C:\Users\weiyu\Desktop\script\7_2_CreateMSMProject\CreateMSMProject\Debug\cl.command.1.tlog
C:\Users\weiyu\Desktop\script\7_2_CreateMSMProject\CreateMSMProject\Debug\CL.read.1.tlog
C:\Users\weiyu\Desktop\script\7_2_CreateMSMProject\CreateMSMProject\Debug\CL.write.1.tlog
C:\Users\weiyu\Desktop\script\7_2_CreateMSMProject\CreateMSMProject\Debug\link-cvtres.read.1.tlog
C:\Users\weiyu\Desktop\script\7_2_CreateMSMProject\CreateMSMProject\Debug\link-cvtres.write.1.tlog
C:\Users\weiyu\Desktop\script\7_2_CreateMSMProject\CreateMSMProject\Debug\link-rc.read.1.tlog
C:\Users\weiyu\Desktop\script\7_2_CreateMSMProject\CreateMSMProject\Debug\link-rc.write.1.tlog
C:\Users\weiyu\Desktop\script\7_2_CreateMSMProject\CreateMSMProject\Debug\link.command.1.tlog
C:\Users\weiyu\Desktop\script\7_2_CreateMSMProject\CreateMSMProject\Debug\link.read.1.tlog
C:\Users\weiyu\Desktop\script\7_2_CreateMSMProject\CreateMSMProject\Debug\link.write.1.tlog
C:\Users\weiyu\Desktop\script\7_2_CreateMSMProject\CreateMSMProject\Debug\CreateMSMProject.pch
C:\Users\weiyu\Desktop\script\7_2_CreateMSMProject\CreateMSMProject\Debug\vc110.idb
C:\Users\weiyu\Desktop\script\7_2_CreateMSMProject\CreateMSMProject\Debug\vc110.pdb
C:\Users\weiyu\Desktop\script\7_2_CreateMSMProject\Debug\CreateMSMProject.pdb
