C:\USERS\WEIYU\DESKTOP\SCRIPT\3_ADDDIRECTORYFORCOMPONENT\ADDDIRECTORYFORCOMPONENT\RELEASE\STDAFX.OBJ
C:\USERS\WEIYU\DESKTOP\SCRIPT\3_ADDDIRECTORYFORCOMPONENT\ADDDIRECTORYFORCOMPONENT\RELEASE\ADDDIRECTORYFORCOMPONENT.OBJ
C:\USERS\WEIYU\DESKTOP\SCRIPT\3_ADDDIRECTORYFORCOMPONENT\ADDDIRECTORYFORCOMPONENT\RELEASE\VC110.PDB
C:\USERS\WEIYU\DESKTOP\SCRIPT\3_ADDDIRECTORYFORCOMPONENT\RELEASE\ADDDIRECTORYFORCOMPONENT.EXE
C:\USERS\WEIYU\DESKTOP\SCRIPT\3_ADDDIRECTORYFORCOMPONENT\RELEASE\ADDDIRECTORYFORCOMPONENT.PDB
C:\Users\weiyu\Desktop\script\3_AddDirectoryForComponent\AddDirectoryForComponent\Release\AddDirectoryForComponent.obj
C:\Users\weiyu\Desktop\script\3_AddDirectoryForComponent\AddDirectoryForComponent\Release\stdafx.obj
C:\Users\weiyu\Desktop\script\3_AddDirectoryForComponent\AddDirectoryForComponent\Release\cl.command.1.tlog
C:\Users\weiyu\Desktop\script\3_AddDirectoryForComponent\AddDirectoryForComponent\Release\CL.read.1.tlog
C:\Users\weiyu\Desktop\script\3_AddDirectoryForComponent\AddDirectoryForComponent\Release\CL.write.1.tlog
C:\Users\weiyu\Desktop\script\3_AddDirectoryForComponent\AddDirectoryForComponent\Release\link-cvtres.read.1.tlog
C:\Users\weiyu\Desktop\script\3_AddDirectoryForComponent\AddDirectoryForComponent\Release\link-cvtres.write.1.tlog
C:\Users\weiyu\Desktop\script\3_AddDirectoryForComponent\AddDirectoryForComponent\Release\link-rc.read.1.tlog
C:\Users\weiyu\Desktop\script\3_AddDirectoryForComponent\AddDirectoryForComponent\Release\link-rc.write.1.tlog
C:\Users\weiyu\Desktop\script\3_AddDirectoryForComponent\AddDirectoryForComponent\Release\link.command.1.tlog
C:\Users\weiyu\Desktop\script\3_AddDirectoryForComponent\AddDirectoryForComponent\Release\link.read.1.tlog
C:\Users\weiyu\Desktop\script\3_AddDirectoryForComponent\AddDirectoryForComponent\Release\link.write.1.tlog
C:\Users\weiyu\Desktop\script\3_AddDirectoryForComponent\AddDirectoryForComponent\Release\vc110.pdb
C:\Users\weiyu\Desktop\script\3_AddDirectoryForComponent\Release\AddDirectoryForComponent.pdb
C:\Users\weiyu\Desktop\script\3_AddDirectoryForComponent\Release\AddDirectoryForComponent.exe
